<?xml version="1.0" encoding="UTF-8"?>
<!-- Generated by org.testng.reporters.JUnitReportReporter -->
<testsuite hostname="US-7TG4XM3" failures="0" tests="1" name="Scripts.Testcase1" time="0.015" errors="0" timestamp="2022-12-04T11:41:55 PST" skipped="0">
  <testcase classname="Scripts.Testcase1" name="tc1" time="0.015"/>
  <system-out>
    <![CDATA[Hello Java]]>
  </system-out>
</testsuite> <!-- Scripts.Testcase1 -->
