<?xml version="1.0" encoding="UTF-8"?>
<!-- Generated by org.testng.reporters.JUnitReportReporter -->
<testsuite hostname="US-7TG4XM3" failures="0" tests="1" name="Scripts.Testcase2" time="0.001" errors="0" timestamp="2022-12-04T11:41:55 PST" skipped="0">
  <testcase classname="Scripts.Testcase2" name="tc2" time="0.001"/>
  <system-out>
    <![CDATA[Hello selenium]]>
  </system-out>
</testsuite> <!-- Scripts.Testcase2 -->
